<?xml version="1.0" encoding="UTF-8"?>
<!-- Generated by org.testng.reporters.JUnitXMLReporter -->
<testsuite hostname="DESKTOP-4BSBE21" ignored="0" name="Optico Test" tests="8" failures="6" timestamp="28 Jul 2019 09:31:00 GMT" time="29.866" errors="0">
  <testcase name="ValidateLoginPageLogoTest" time="0.088" classname="com.optico.qa.test.LoginPageTest"/>
  <testcase name="verifyTitleTest" time="0.012" classname="com.optico.qa.test.LoginPageTest"/>
  <testcase name="loginTest" time="0.032" classname="com.optico.qa.test.LoginPageTest">
    <failure type="java.lang.IllegalArgumentException" message="Keys to send should be a not null CharSequence">
      <![CDATA[java.lang.IllegalArgumentException: Keys to send should be a not null CharSequence
at org.openqa.selenium.remote.RemoteWebElement.sendKeys(RemoteWebElement.java:97)
at org.openqa.selenium.support.events.EventFiringWebDriver$EventFiringWebElement.lambda$new$0(EventFiringWebDriver.java:404)
at com.sun.proxy.$Proxy31.sendKeys(Unknown Source)
at org.openqa.selenium.support.events.EventFiringWebDriver$EventFiringWebElement.sendKeys(EventFiringWebDriver.java:429)
at org.openqa.selenium.support.pagefactory.internal.LocatingElementHandler.invoke(LocatingElementHandler.java:51)
at com.sun.proxy.$Proxy30.sendKeys(Unknown Source)
at com.optico.qa.pages.LoginPage.login(LoginPage.java:39)
at com.optico.qa.test.LoginPageTest.loginTest(LoginPageTest.java:41)
... Removed 33 stack frames]]>
    </failure>
  </testcase> <!-- loginTest -->
  <testcase name="verifyHeadingTest" time="0.004" classname="com.optico.qa.test.RegisterCustomerPageTest">
    <failure type="java.lang.NullPointerException">
      <![CDATA[java.lang.NullPointerException
at com.optico.qa.test.RegisterCustomerPageTest.verifyHeadingTest(RegisterCustomerPageTest.java:36)
... Removed 25 stack frames]]>
    </failure>
  </testcase> <!-- verifyHeadingTest -->
  <testcase name="RegisterCustomerTest" time="0.004" classname="com.optico.qa.test.RegisterCustomerPageTest">
    <failure type="java.lang.NullPointerException">
      <![CDATA[java.lang.NullPointerException
at com.optico.qa.test.RegisterCustomerPageTest.RegisterCustomerTest(RegisterCustomerPageTest.java:45)
... Removed 25 stack frames]]>
    </failure>
  </testcase> <!-- RegisterCustomerTest -->
  <testcase name="RegisterCustomerTest" time="0.004" classname="com.optico.qa.test.RegisterCustomerPageTest">
    <failure type="java.lang.NullPointerException">
      <![CDATA[java.lang.NullPointerException
at com.optico.qa.test.RegisterCustomerPageTest.RegisterCustomerTest(RegisterCustomerPageTest.java:45)
... Removed 25 stack frames]]>
    </failure>
  </testcase> <!-- RegisterCustomerTest -->
  <testcase name="RegisterCustomerTest" time="0.0" classname="com.optico.qa.test.RegisterCustomerPageTest">
    <failure type="java.lang.NullPointerException">
      <![CDATA[java.lang.NullPointerException
at com.optico.qa.test.RegisterCustomerPageTest.RegisterCustomerTest(RegisterCustomerPageTest.java:45)
... Removed 25 stack frames]]>
    </failure>
  </testcase> <!-- RegisterCustomerTest -->
  <testcase name="RegisterCustomerTest" time="0.002" classname="com.optico.qa.test.RegisterCustomerPageTest">
    <failure type="java.lang.NullPointerException">
      <![CDATA[java.lang.NullPointerException
at com.optico.qa.test.RegisterCustomerPageTest.RegisterCustomerTest(RegisterCustomerPageTest.java:45)
... Removed 25 stack frames]]>
    </failure>
  </testcase> <!-- RegisterCustomerTest -->
</testsuite> <!-- Optico Test -->
