<?xml version="1.0" encoding="UTF-8"?>
<!-- Generated by org.testng.reporters.JUnitXMLReporter -->
<testsuite hostname="DESKTOP-4BSBE21" ignored="0" name="Optico Test" tests="8" failures="0" timestamp="23 Jul 2019 03:24:20 GMT" time="85.715" errors="0">
  <testcase name="ValidateLoginPageLogoTest" time="0.064" classname="com.optico.qa.test.LoginPageTest"/>
  <testcase name="verifyTitleTest" time="0.012" classname="com.optico.qa.test.LoginPageTest"/>
  <testcase name="loginTest" time="0.592" classname="com.optico.qa.test.LoginPageTest"/>
  <testcase name="verifyHeadingTest" time="3.279" classname="com.optico.qa.test.RegisterCustomerPageTest"/>
  <testcase name="RegisterCustomerTest" time="12.421" classname="com.optico.qa.test.RegisterCustomerPageTest"/>
  <testcase name="RegisterCustomerTest" time="13.302" classname="com.optico.qa.test.RegisterCustomerPageTest"/>
  <testcase name="RegisterCustomerTest" time="12.573" classname="com.optico.qa.test.RegisterCustomerPageTest"/>
  <testcase name="RegisterCustomerTest" time="12.614" classname="com.optico.qa.test.RegisterCustomerPageTest"/>
</testsuite> <!-- Optico Test -->
