<?xml version="1.0" encoding="UTF-8"?>
<!-- Generated by org.testng.reporters.JUnitXMLReporter -->
<testsuite hostname="DESKTOP-4BSBE21" ignored="0" name="Optico Test" tests="8" failures="0" timestamp="28 Jul 2019 08:47:51 GMT" time="77.484" errors="0">
  <testcase name="ValidateLoginPageLogoTest" time="0.096" classname="com.optico.qa.test.LoginPageTest"/>
  <testcase name="verifyTitleTest" time="0.028" classname="com.optico.qa.test.LoginPageTest"/>
  <testcase name="loginTest" time="1.071" classname="com.optico.qa.test.LoginPageTest"/>
  <testcase name="verifyHeadingTest" time="3.187" classname="com.optico.qa.test.RegisterCustomerPageTest"/>
  <testcase name="RegisterCustomerTest" time="12.557" classname="com.optico.qa.test.RegisterCustomerPageTest"/>
  <testcase name="RegisterCustomerTest" time="12.719" classname="com.optico.qa.test.RegisterCustomerPageTest"/>
  <testcase name="RegisterCustomerTest" time="12.711" classname="com.optico.qa.test.RegisterCustomerPageTest"/>
  <testcase name="RegisterCustomerTest" time="12.535" classname="com.optico.qa.test.RegisterCustomerPageTest"/>
</testsuite> <!-- Optico Test -->
