<?xml version="1.0" encoding="UTF-8"?>
<!-- Generated by org.testng.reporters.JUnitXMLReporter -->
<testsuite hostname="DESKTOP-4BSBE21" ignored="0" name="Test" tests="5" failures="0" timestamp="22 Jul 2019 17:55:00 GMT" time="31.287" errors="0">
  <testcase name="ValidateLoginPageLogoTest" time="0.072" classname="com.optico.qa.test.LoginPageTest"/>
  <testcase name="verifyTitleTest" time="0.012" classname="com.optico.qa.test.LoginPageTest"/>
  <testcase name="loginTest" time="0.608" classname="com.optico.qa.test.LoginPageTest"/>
  <testcase name="verifyHeadingTest" time="3.258" classname="com.optico.qa.test.RegisterCustomerPageTest"/>
  <testcase name="RegisterCustomerTest" time="7.075" classname="com.optico.qa.test.RegisterCustomerPageTest"/>
</testsuite> <!-- Test -->
